5492984893753:ENCOLADO ans_c8a03423-ba46-4efb-a530-dab5418db46b
EJECUTANDO:ans_c8a03423-ba46-4efb-a530-dab5418db46b
5492984893753:SUCCESS
5492984893753:ENCOLADO ans_06853c9c-954b-4981-adbc-5e253f203198
EJECUTANDO:ans_06853c9c-954b-4981-adbc-5e253f203198
5492984893753:SUCCESS
5492984893753:ENCOLADO ans_a7f6c129-ec93-4905-8055-67a32e7dc0e8
EJECUTANDO:ans_a7f6c129-ec93-4905-8055-67a32e7dc0e8
5492984893753:SUCCESS
5492984893753:ENCOLADO ans_25a0bfab-56fd-406d-b270-5e3756a028d5
EJECUTANDO:ans_25a0bfab-56fd-406d-b270-5e3756a028d5
5492984893753:SUCCESS
5492984893753:ENCOLADO ans_6ed83637-f556-4bab-af54-dc78f924877c
EJECUTANDO:ans_6ed83637-f556-4bab-af54-dc78f924877c
5492984893753:SUCCESS
5492984893753:ENCOLADO ans_e8e61031-4987-42e9-bf15-abb69679c686
EJECUTANDO:ans_e8e61031-4987-42e9-bf15-abb69679c686
5492984893753:SUCCESS
5492984893753:ENCOLADO ans_d2ca0886-21c1-4f53-b749-2a088e018fb5
EJECUTANDO:ans_d2ca0886-21c1-4f53-b749-2a088e018fb5
5492984893753:SUCCESS
5492984123350:ENCOLADO ans_c8a03423-ba46-4efb-a530-dab5418db46b
EJECUTANDO:ans_c8a03423-ba46-4efb-a530-dab5418db46b
5492984123350:SUCCESS
5492984123350:ENCOLADO ans_06853c9c-954b-4981-adbc-5e253f203198
EJECUTANDO:ans_06853c9c-954b-4981-adbc-5e253f203198
5492984123350:SUCCESS
5492984123350:ENCOLADO ans_2dd686e8-f836-446c-8db6-b1e52d7e034d
EJECUTANDO:ans_2dd686e8-f836-446c-8db6-b1e52d7e034d
5492984123350:SUCCESS
5492984123350:ENCOLADO ans_81218869-1c3a-41e0-a633-983047872f4f
EJECUTANDO:ans_81218869-1c3a-41e0-a633-983047872f4f
5492984123350:SUCCESS
5492984123350:ENCOLADO ans_c32f2739-9462-418d-8ad6-425ba19872c2
EJECUTANDO:ans_c32f2739-9462-418d-8ad6-425ba19872c2
5492984123350:SUCCESS
